<?xml version="1.0" encoding="UTF-8"?>
<coverage generated="1541688543405" clover="3.2.0">
  <project timestamp="1541688543405" name="All files">
    <metrics statements="18" coveredstatements="18" conditionals="2" coveredconditionals="1" methods="10" coveredmethods="8" elements="30" coveredelements="27" complexity="0" loc="18" ncloc="18" packages="1" files="1" classes="1">
      <file name="logic.js" path="/Users/michal/My documents/_FAC-15/week-02/AwesomeTodo/logic.js">
        <metrics statements="18" coveredstatements="18" conditionals="2" coveredconditionals="1" methods="10" coveredmethods="8"/>
        <line num="5" count="1" type="stmt"/>
        <line num="9" count="1" type="stmt"/>
        <line num="12" count="5" type="stmt"/>
        <line num="15" count="1" type="stmt"/>
        <line num="21" count="3" type="stmt"/>
        <line num="22" count="9" type="stmt"/>
        <line num="27" count="5" type="stmt"/>
        <line num="32" count="5" type="stmt"/>
        <line num="38" count="1" type="stmt"/>
        <line num="40" count="1" type="stmt"/>
        <line num="42" count="1" type="stmt"/>
        <line num="43" count="1" type="stmt"/>
        <line num="47" count="2" type="stmt"/>
        <line num="49" count="2" type="stmt"/>
        <line num="50" count="6" type="stmt"/>
        <line num="52" count="2" type="stmt"/>
        <line num="72" count="1" type="cond" truecount="1" falsecount="1"/>
        <line num="73" count="1" type="stmt"/>
      </file>
    </metrics>
  </project>
</coverage>
