<?xml version="1.0" encoding="UTF-8"?>
<coverage generated="1541685384663" clover="3.2.0">
  <project timestamp="1541685384663" name="All files">
    <metrics statements="16" coveredstatements="16" conditionals="2" coveredconditionals="1" methods="9" coveredmethods="6" elements="27" coveredelements="23" complexity="0" loc="16" ncloc="16" packages="1" files="1" classes="1">
      <file name="logic.js" path="/Users/michal/My documents/_FAC-15/week-02/AwesomeTodo/logic.js">
        <metrics statements="16" coveredstatements="16" conditionals="2" coveredconditionals="1" methods="9" coveredmethods="6"/>
        <line num="5" count="1" type="stmt"/>
        <line num="9" count="1" type="stmt"/>
        <line num="12" count="5" type="stmt"/>
        <line num="15" count="1" type="stmt"/>
        <line num="21" count="1" type="stmt"/>
        <line num="22" count="3" type="stmt"/>
        <line num="26" count="5" type="stmt"/>
        <line num="31" count="5" type="stmt"/>
        <line num="36" count="1" type="stmt"/>
        <line num="38" count="1" type="stmt"/>
        <line num="39" count="1" type="stmt"/>
        <line num="40" count="1" type="stmt"/>
        <line num="41" count="1" type="stmt"/>
        <line num="42" count="1" type="stmt"/>
        <line num="71" count="1" type="cond" truecount="1" falsecount="1"/>
        <line num="72" count="1" type="stmt"/>
      </file>
    </metrics>
  </project>
</coverage>
