{"/Users/michal/My documents/_FAC-15/week-02/AwesomeTodo/logic.js": {"path":"/Users/michal/My documents/_FAC-15/week-02/AwesomeTodo/logic.js","statementMap":{"0":{"start":{"line":5,"column":20},"end":{"line":65,"column":1}},"1":{"start":{"line":9,"column":20},"end":{"line":9,"column":21}},"2":{"start":{"line":12,"column":6},"end":{"line":12,"column":30}},"3":{"start":{"line":15,"column":4},"end":{"line":15,"column":28}},"4":{"start":{"line":21,"column":4},"end":{"line":23,"column":7}},"5":{"start":{"line":22,"column":6},"end":{"line":22,"column":46}},"6":{"start":{"line":26,"column":21},"end":{"line":30,"column":5}},"7":{"start":{"line":31,"column":4},"end":{"line":31,"column":22}},"8":{"start":{"line":36,"column":19},"end":{"line":36,"column":59}},"9":{"start":{"line":38,"column":21},"end":{"line":38,"column":54}},"10":{"start":{"line":39,"column":4},"end":{"line":39,"column":42}},"11":{"start":{"line":40,"column":4},"end":{"line":40,"column":30}},"12":{"start":{"line":41,"column":4},"end":{"line":41,"column":38}},"13":{"start":{"line":42,"column":4},"end":{"line":42,"column":20}},"14":{"start":{"line":71,"column":0},"end":{"line":73,"column":1}},"15":{"start":{"line":72,"column":2},"end":{"line":72,"column":33}}},"fnMap":{"0":{"name":"(anonymous_0)","decl":{"start":{"line":8,"column":15},"end":{"line":8,"column":16}},"loc":{"start":{"line":8,"column":26},"end":{"line":16,"column":3}},"line":8},"1":{"name":"incrementCounter","decl":{"start":{"line":11,"column":13},"end":{"line":11,"column":29}},"loc":{"start":{"line":11,"column":32},"end":{"line":13,"column":5}},"line":11},"2":{"name":"(anonymous_2)","decl":{"start":{"line":20,"column":23},"end":{"line":20,"column":24}},"loc":{"start":{"line":20,"column":39},"end":{"line":24,"column":3}},"line":20},"3":{"name":"(anonymous_3)","decl":{"start":{"line":21,"column":21},"end":{"line":21,"column":22}},"loc":{"start":{"line":21,"column":36},"end":{"line":23,"column":5}},"line":21},"4":{"name":"(anonymous_4)","decl":{"start":{"line":25,"column":14},"end":{"line":25,"column":15}},"loc":{"start":{"line":25,"column":35},"end":{"line":32,"column":3}},"line":25},"5":{"name":"(anonymous_5)","decl":{"start":{"line":35,"column":11},"end":{"line":35,"column":12}},"loc":{"start":{"line":35,"column":36},"end":{"line":47,"column":3}},"line":35},"6":{"name":"(anonymous_6)","decl":{"start":{"line":48,"column":14},"end":{"line":48,"column":15}},"loc":{"start":{"line":48,"column":42},"end":{"line":52,"column":3}},"line":48},"7":{"name":"(anonymous_7)","decl":{"start":{"line":53,"column":12},"end":{"line":53,"column":13}},"loc":{"start":{"line":53,"column":38},"end":{"line":58,"column":3}},"line":53},"8":{"name":"(anonymous_8)","decl":{"start":{"line":59,"column":13},"end":{"line":59,"column":14}},"loc":{"start":{"line":59,"column":43},"end":{"line":64,"column":3}},"line":59}},"branchMap":{"0":{"loc":{"start":{"line":71,"column":0},"end":{"line":73,"column":1}},"type":"if","locations":[{"start":{"line":71,"column":0},"end":{"line":73,"column":1}},{"start":{"line":71,"column":0},"end":{"line":73,"column":1}}],"line":71}},"s":{"0":1,"1":1,"2":5,"3":1,"4":1,"5":3,"6":5,"7":5,"8":1,"9":1,"10":1,"11":1,"12":1,"13":1,"14":1,"15":1},"f":{"0":1,"1":5,"2":1,"3":3,"4":5,"5":1,"6":0,"7":0,"8":0},"b":{"0":[1,0]},"_coverageSchema":"332fd63041d2c1bcb487cc26dd0d5f7d97098a6c","hash":"8616f51d4f6331fb619df2c0efabc5bc189dd1ea"}
}
