TN:
SF:/Users/michal/My documents/_FAC-15/week-02/AwesomeTodo/logic.js
FN:8,(anonymous_0)
FN:11,incrementCounter
FN:20,(anonymous_2)
FN:21,(anonymous_3)
FN:25,(anonymous_4)
FN:36,(anonymous_5)
FN:45,(anonymous_6)
FN:49,(anonymous_7)
FN:54,(anonymous_8)
FN:60,(anonymous_9)
FNF:10
FNH:8
FNDA:1,(anonymous_0)
FNDA:5,incrementCounter
FNDA:3,(anonymous_2)
FNDA:9,(anonymous_3)
FNDA:5,(anonymous_4)
FNDA:1,(anonymous_5)
FNDA:2,(anonymous_6)
FNDA:6,(anonymous_7)
FNDA:0,(anonymous_8)
FNDA:0,(anonymous_9)
DA:5,1
DA:9,1
DA:12,5
DA:15,1
DA:21,3
DA:22,9
DA:27,5
DA:32,5
DA:38,1
DA:40,1
DA:42,1
DA:43,1
DA:47,2
DA:49,2
DA:50,6
DA:52,2
DA:72,1
DA:73,1
LF:18
LH:18
BRDA:72,0,0,1
BRDA:72,0,1,0
BRF:2
BRH:1
end_of_record
