TN:
SF:/Users/michal/My documents/_FAC-15/week-02/AwesomeTodo/logic.js
FN:8,(anonymous_0)
FN:11,incrementCounter
FN:20,(anonymous_2)
FN:21,(anonymous_3)
FN:25,(anonymous_4)
FN:35,(anonymous_5)
FN:48,(anonymous_6)
FN:53,(anonymous_7)
FN:59,(anonymous_8)
FNF:9
FNH:6
FNDA:1,(anonymous_0)
FNDA:5,incrementCounter
FNDA:1,(anonymous_2)
FNDA:3,(anonymous_3)
FNDA:5,(anonymous_4)
FNDA:1,(anonymous_5)
FNDA:0,(anonymous_6)
FNDA:0,(anonymous_7)
FNDA:0,(anonymous_8)
DA:5,1
DA:9,1
DA:12,5
DA:15,1
DA:21,1
DA:22,3
DA:26,5
DA:31,5
DA:36,1
DA:38,1
DA:39,1
DA:40,1
DA:41,1
DA:42,1
DA:71,1
DA:72,1
LF:16
LH:16
BRDA:71,0,0,1
BRDA:71,0,1,0
BRF:2
BRH:1
end_of_record
